{
  "RSpec": {
    "coverage": {
      "/Users/jfl/turing/3module/projects/palpit8/spec/features/admin/admin_can_add_chatroom_spec.rb": [
        1,
        null,
        1,
        1,
        1,
        1,
        1,
        1,
        1,
        null,
        1,
        null,
        null,
        1,
        1,
        1,
        1,
        null,
        1,
        1,
        1,
        1,
        1,
        1,
        null,
        null
      ],
      "/Users/jfl/turing/3module/projects/palpit8/spec/rails_helper.rb": [
        null,
        null,
        1,
        null,
        1,
        1,
        null,
        1,
        1,
        1,
        null,
        1,
        1,
        1,
        1,
        null,
        null,
        null,
        null,
        null,
        null,
        null,
        null,
        null,
        null,
        null,
        null,
        null,
        null,
        null,
        null,
        null,
        2,
        null,
        null,
        null,
        1,
        null,
        1,
        1,
        1,
        null,
        null,
        null,
        null,
        null,
        null,
        null,
        null,
        null,
        null,
        null,
        null,
        null,
        null,
        null,
        null,
        null,
        null,
        null,
        null,
        null,
        null,
        null,
        null,
        null,
        1,
        null,
        1,
        null,
        null,
        null,
        null,
        1,
        null,
        null,
        null,
        null,
        null,
        null,
        null,
        null,
        null,
        null,
        null,
        null,
        null,
        null,
        1,
        null,
        null,
        1,
        null,
        null,
        null,
        1,
        1,
        1,
        1,
        null,
        null,
        1,
        1,
        null,
        1,
        1,
        null
      ],
      "/Users/jfl/turing/3module/projects/palpit8/config/environment.rb": [
        null,
        1,
        null,
        null,
        1
      ],
      "/Users/jfl/turing/3module/projects/palpit8/config/application.rb": [
        1,
        null,
        1,
        null,
        1,
        1,
        1,
        1,
        1,
        1,
        1,
        1,
        null,
        null,
        null,
        null,
        1,
        null,
        null,
        1,
        1,
        null,
        1,
        null,
        null,
        null,
        null,
        null,
        null,
        1,
        1,
        null,
        null
      ],
      "/Users/jfl/turing/3module/projects/palpit8/config/boot.rb": [
        1,
        null,
        1
      ],
      "/Users/jfl/turing/3module/projects/palpit8/config/environments/test.rb": [
        1,
        null,
        null,
        null,
        null,
        null,
        null,
        1,
        null,
        null,
        null,
        null,
        1,
        null,
        null,
        1,
        1,
        null,
        null,
        null,
        null,
        1,
        1,
        null,
        null,
        1,
        null,
        null,
        1,
        1,
        null,
        null,
        null,
        null,
        1,
        null,
        null,
        1,
        null,
        null,
        null,
        null
      ],
      "/Users/jfl/turing/3module/projects/palpit8/config/initializers/application_controller_renderer.rb": [
        null,
        null,
        null,
        null,
        null,
        null
      ],
      "/Users/jfl/turing/3module/projects/palpit8/config/initializers/assets.rb": [
        null,
        null,
        null,
        1,
        null,
        null,
        null,
        null,
        1,
        null,
        null,
        null,
        null
      ],
      "/Users/jfl/turing/3module/projects/palpit8/config/initializers/backtrace_silencers.rb": [
        null,
        null,
        null,
        null,
        null,
        null,
        null
      ],
      "/Users/jfl/turing/3module/projects/palpit8/config/initializers/cookies_serializer.rb": [
        null,
        null,
        null,
        null,
        1
      ],
      "/Users/jfl/turing/3module/projects/palpit8/config/initializers/filter_parameter_logging.rb": [
        null,
        null,
        null,
        1
      ],
      "/Users/jfl/turing/3module/projects/palpit8/config/initializers/inflections.rb": [
        null,
        null,
        null,
        null,
        null,
        null,
        null,
        null,
        null,
        null,
        null,
        null,
        null,
        null,
        null,
        null
      ],
      "/Users/jfl/turing/3module/projects/palpit8/config/initializers/mime_types.rb": [
        null,
        null,
        null,
        null
      ],
      "/Users/jfl/turing/3module/projects/palpit8/config/initializers/omniauth.rb": [
        1,
        1,
        null
      ],
      "/Users/jfl/turing/3module/projects/palpit8/config/initializers/wrap_parameters.rb": [
        null,
        null,
        null,
        null,
        null,
        null,
        1,
        2,
        null,
        null,
        null,
        null,
        null,
        null
      ],
      "/Users/jfl/turing/3module/projects/palpit8/spec/factories/chatrooms.rb": [
        1,
        1,
        1,
        null,
        null
      ],
      "/Users/jfl/turing/3module/projects/palpit8/spec/factories/games.rb": [
        1,
        1,
        1,
        null,
        null
      ],
      "/Users/jfl/turing/3module/projects/palpit8/spec/factories/messages.rb": [
        1,
        1,
        1,
        null,
        null
      ],
      "/Users/jfl/turing/3module/projects/palpit8/spec/factories/roles.rb": [
        1,
        1,
        1,
        null,
        null
      ],
      "/Users/jfl/turing/3module/projects/palpit8/spec/factories/tones.rb": [
        1,
        1,
        1,
        null,
        null
      ],
      "/Users/jfl/turing/3module/projects/palpit8/spec/factories/user_roles.rb": [
        1,
        1,
        1,
        1,
        null,
        null
      ],
      "/Users/jfl/turing/3module/projects/palpit8/spec/factories/users.rb": [
        1,
        1,
        1,
        1,
        1,
        1,
        1,
        1,
        null,
        null
      ],
      "/Users/jfl/turing/3module/projects/palpit8/config/routes.rb": [
        1,
        1,
        1,
        1,
        1,
        null,
        1,
        1,
        1,
        null,
        null,
        1,
        1,
        1,
        1,
        1,
        1,
        null,
        1,
        null,
        null
      ],
      "/Users/jfl/turing/3module/projects/palpit8/app/helpers/application_helper.rb": [
        1,
        1,
        0,
        null,
        null,
        1,
        0,
        null,
        null
      ],
      "/Users/jfl/turing/3module/projects/palpit8/app/helpers/chatrooms_helper.rb": [
        1,
        null
      ],
      "/Users/jfl/turing/3module/projects/palpit8/app/helpers/dashboard_helper.rb": [
        1,
        null
      ],
      "/Users/jfl/turing/3module/projects/palpit8/app/helpers/home_helper.rb": [
        1,
        null
      ],
      "/Users/jfl/turing/3module/projects/palpit8/app/helpers/messages_helper.rb": [
        1,
        null
      ],
      "/Users/jfl/turing/3module/projects/palpit8/app/helpers/sessions_helper.rb": [
        1,
        null
      ],
      "/Users/jfl/turing/3module/projects/palpit8/spec/support/database_cleaner.rb": [
        1,
        1,
        1,
        1,
        null,
        1,
        null,
        null,
        null,
        1,
        44,
        null,
        null,
        1,
        0,
        null,
        null,
        1,
        44,
        null,
        null,
        1,
        44,
        null,
        null
      ],
      "/Users/jfl/turing/3module/projects/palpit8/spec/features/admin/admin_can_delete_chatroom_spec.rb": [
        1,
        null,
        1,
        1,
        1,
        1,
        1,
        1,
        1,
        null,
        1,
        null,
        null,
        1,
        1,
        1,
        1,
        null,
        null,
        1,
        1,
        1,
        1,
        1,
        null,
        null
      ],
      "/Users/jfl/turing/3module/projects/palpit8/spec/features/admin/admin_can_edit_chatrooms_spec.rb": [
        1,
        null,
        1,
        1,
        1,
        1,
        1,
        1,
        null,
        1,
        null,
        null,
        1,
        1,
        1,
        1,
        1,
        1,
        1,
        1,
        null,
        null
      ],
      "/Users/jfl/turing/3module/projects/palpit8/spec/features/admin/admin_can_see_chatrooms_spec.rb": [
        1,
        null,
        1,
        1,
        1,
        1,
        1,
        1,
        1,
        null,
        1,
        null,
        null,
        1,
        1,
        1,
        1,
        null,
        null
      ],
      "/Users/jfl/turing/3module/projects/palpit8/spec/features/chat/authenticated_user_can_chat_about_game_spec.rb": [
        1,
        null,
        1,
        1,
        1,
        null,
        null,
        null,
        null,
        null,
        null,
        null,
        1,
        1,
        null,
        1,
        null,
        null,
        1,
        1,
        null,
        1,
        1,
        null,
        null
      ],
      "/Users/jfl/turing/3module/projects/palpit8/spec/features/chat/unauthenticated_user_cant_create_chat_spec.rb": [
        1,
        null,
        1,
        1,
        1,
        1,
        null,
        1,
        null,
        1,
        null,
        null
      ],
      "/Users/jfl/turing/3module/projects/palpit8/spec/features/chat/user_can_see_old_messages_spec.rb": [
        1,
        null,
        1,
        1,
        1,
        null,
        null,
        null,
        null,
        null,
        null,
        null,
        1,
        1,
        1,
        null,
        1,
        null,
        null,
        1,
        null,
        1,
        null,
        null
      ],
      "/Users/jfl/turing/3module/projects/palpit8/spec/features/games/user_can_view_games_index_spec.rb": [
        1,
        null,
        1,
        1,
        1,
        1,
        1,
        null,
        1,
        null,
        1,
        1,
        1,
        null,
        null
      ],
      "/Users/jfl/turing/3module/projects/palpit8/spec/features/sessions/user_can_login_with_twitch_spec.rb": [
        1,
        null,
        1,
        1,
        null,
        1,
        1,
        null,
        1,
        1,
        1,
        0,
        null,
        null
      ],
      "/Users/jfl/turing/3module/projects/palpit8/spec/features/steams/user_can_view_mood_refresh_spec.rb": [
        null,
        null,
        null,
        null,
        null,
        null,
        null,
        null,
        null,
        null
      ],
      "/Users/jfl/turing/3module/projects/palpit8/spec/features/streams/user_can_view_mood_refresh_spec.rb": [
        null,
        null,
        null,
        null,
        null,
        null,
        null,
        null
      ],
      "/Users/jfl/turing/3module/projects/palpit8/spec/models/chatroom_spec.rb": [
        1,
        null,
        1,
        1,
        1,
        1,
        1,
        1,
        null,
        null,
        1,
        2,
        2,
        null,
        null
      ],
      "/Users/jfl/turing/3module/projects/palpit8/app/models/chatroom.rb": [
        1,
        1,
        1,
        1,
        1,
        1,
        null,
        1,
        16,
        null,
        null
      ],
      "/Users/jfl/turing/3module/projects/palpit8/app/models/application_record.rb": [
        1,
        1,
        null
      ],
      "/Users/jfl/turing/3module/projects/palpit8/spec/models/game_spec.rb": [
        1,
        null,
        1,
        1,
        1,
        1,
        1,
        1,
        null,
        null,
        null
      ],
      "/Users/jfl/turing/3module/projects/palpit8/app/models/game.rb": [
        1,
        1,
        1,
        1,
        null,
        1,
        4,
        null,
        null
      ],
      "/Users/jfl/turing/3module/projects/palpit8/spec/models/message_spec.rb": [
        1,
        null,
        1,
        1,
        null,
        1,
        2,
        2,
        null,
        null
      ],
      "/Users/jfl/turing/3module/projects/palpit8/app/models/message.rb": [
        1,
        1,
        1,
        null,
        4,
        null
      ],
      "/Users/jfl/turing/3module/projects/palpit8/spec/models/role_spec.rb": [
        1,
        null,
        1,
        1,
        2,
        2,
        null,
        1,
        2,
        2,
        null,
        null
      ],
      "/Users/jfl/turing/3module/projects/palpit8/app/models/role.rb": [
        1,
        1,
        null,
        1,
        1,
        null
      ],
      "/Users/jfl/turing/3module/projects/palpit8/spec/models/tone_spec.rb": [
        1,
        null,
        1,
        1,
        null
      ],
      "/Users/jfl/turing/3module/projects/palpit8/app/models/tone.rb": [
        1,
        1,
        null,
        null,
        null
      ],
      "/Users/jfl/turing/3module/projects/palpit8/spec/models/user_role_spec.rb": [
        1,
        null,
        1,
        1,
        2,
        2,
        null,
        null
      ],
      "/Users/jfl/turing/3module/projects/palpit8/app/models/user_role.rb": [
        1,
        1,
        1,
        null
      ],
      "/Users/jfl/turing/3module/projects/palpit8/spec/models/user_spec.rb": [
        1,
        null,
        1,
        1,
        2,
        2,
        2,
        2,
        2,
        2,
        2,
        null,
        1,
        2,
        2,
        2,
        2,
        null,
        null
      ],
      "/Users/jfl/turing/3module/projects/palpit8/app/models/user.rb": [
        1,
        1,
        1,
        1,
        1,
        1,
        1,
        1,
        1,
        1,
        1,
        1,
        1,
        null,
        null,
        1,
        0,
        0,
        0,
        0,
        0,
        null,
        0,
        0,
        null,
        null,
        1,
        0,
        null,
        null,
        1,
        0,
        null,
        null,
        1,
        11,
        null,
        null,
        1,
        null,
        1,
        21,
        21,
        null,
        null
      ],
      "/Users/jfl/turing/3module/projects/palpit8/spec/services/twitch_service_spec.rb": [
        1,
        null,
        1,
        1,
        1,
        1,
        null,
        1,
        null,
        1,
        1,
        1,
        1,
        null,
        null,
        null,
        null,
        1,
        1,
        1,
        null,
        1,
        null,
        1,
        null,
        null,
        null,
        null,
        1,
        1,
        1,
        null,
        1,
        null,
        1,
        1,
        1,
        null,
        null,
        null,
        null,
        1,
        1,
        1,
        null,
        1,
        null,
        1,
        1,
        1,
        1,
        null,
        null,
        null,
        null,
        1,
        1,
        1,
        null,
        1,
        null,
        1,
        1,
        null,
        null,
        null,
        null,
        1,
        1,
        1,
        null,
        1,
        null,
        1,
        1,
        null,
        null,
        null,
        null,
        null,
        null,
        null,
        null,
        null,
        null,
        null,
        null,
        null,
        null,
        null,
        1,
        1,
        1,
        null,
        1,
        null,
        1,
        1,
        1,
        null,
        null,
        null,
        null,
        1,
        1,
        1,
        null,
        1,
        null,
        1,
        1,
        1,
        null,
        null,
        null,
        null,
        null,
        null,
        null,
        null,
        null,
        null,
        null,
        null,
        null,
        null,
        null,
        null,
        1,
        1,
        1,
        null,
        1,
        null,
        1,
        1,
        1,
        1,
        null,
        null,
        null,
        null,
        1,
        1,
        1,
        null,
        1,
        null,
        1,
        1,
        1,
        1,
        null,
        null,
        null,
        null,
        1,
        1,
        1,
        null,
        1,
        null,
        1,
        1,
        1,
        null,
        null,
        null,
        null
      ],
      "/Users/jfl/turing/3module/projects/palpit8/app/services/twitch_service.rb": [
        1,
        1,
        25,
        null,
        null,
        1,
        11,
        null,
        null,
        1,
        0,
        null,
        null,
        1,
        0,
        null,
        null,
        1,
        0,
        null,
        null,
        1,
        0,
        null,
        null,
        1,
        0,
        null,
        null,
        1,
        0,
        null,
        null,
        1,
        0,
        null,
        null,
        1,
        0,
        null,
        null,
        1,
        0,
        null,
        null,
        1,
        0,
        null,
        null,
        1,
        0,
        null,
        null,
        1,
        0,
        null,
        null,
        1,
        0,
        null,
        null,
        1,
        0,
        null,
        null,
        null,
        null,
        1,
        12,
        12,
        12,
        12,
        null,
        12,
        null,
        null,
        1,
        1,
        1,
        1,
        1,
        null,
        1,
        null,
        null,
        1,
        1,
        1,
        1,
        1,
        null,
        1,
        null,
        null,
        1,
        1,
        1,
        1,
        1,
        null,
        1,
        null,
        null,
        1,
        1,
        1,
        1,
        1,
        null,
        1,
        null,
        null,
        1,
        0,
        0,
        0,
        0,
        null,
        0,
        null,
        null,
        null,
        null,
        1,
        0,
        0,
        0,
        0,
        null,
        0,
        null,
        null,
        1,
        1,
        1,
        1,
        1,
        null,
        1,
        null,
        null,
        1,
        0,
        0,
        0,
        0,
        null,
        0,
        null,
        null,
        null,
        null,
        1,
        1,
        1,
        1,
        1,
        null,
        1,
        null,
        null,
        1,
        1,
        1,
        1,
        1,
        null,
        1,
        null,
        null,
        1,
        0,
        0,
        0,
        0,
        null,
        0,
        null,
        null,
        null,
        null,
        1,
        1,
        1,
        1,
        1,
        null,
        1,
        null,
        null,
        1,
        4,
        4,
        4,
        4,
        null,
        4,
        null,
        null,
        1,
        1,
        1,
        1,
        1,
        null,
        1,
        null,
        null
      ],
      "/Users/jfl/turing/3module/projects/palpit8/spec/services/watson_service_spec.rb": [
        1,
        null,
        1,
        1,
        1,
        null,
        1,
        1,
        null,
        null,
        null
      ],
      "/Users/jfl/turing/3module/projects/palpit8/app/services/watson_service.rb": [
        1,
        null,
        1,
        null,
        1,
        1,
        1,
        null,
        null,
        1,
        1,
        1,
        1,
        1,
        null,
        1,
        1,
        null,
        null,
        1,
        1,
        null,
        null
      ],
      "/Users/jfl/turing/3module/projects/palpit8/spec/workers/hard_worker_spec.rb": [
        1,
        1,
        1,
        null
      ],
      "/Users/jfl/turing/3module/projects/palpit8/app/workers/hard_worker.rb": [
        1,
        1,
        null,
        1,
        0,
        0,
        null,
        null
      ],
      "/Users/jfl/turing/3module/projects/palpit8/app/controllers/application_controller.rb": [
        1,
        1,
        null,
        null,
        null,
        null,
        null,
        null,
        null,
        null,
        1,
        null,
        1,
        7,
        null,
        null,
        1,
        22,
        null,
        null,
        null,
        null,
        null,
        null,
        null,
        null,
        null,
        null,
        null,
        null,
        null,
        null
      ],
      "/Users/jfl/turing/3module/projects/palpit8/app/controllers/admin/chatrooms_controller.rb": [
        1,
        1,
        null,
        1,
        7,
        null,
        null,
        1,
        null,
        null,
        1,
        1,
        null,
        null,
        1,
        1,
        1,
        null,
        null,
        1,
        null,
        null,
        1,
        1,
        1,
        null,
        null,
        1,
        1,
        1,
        null,
        null,
        1,
        null,
        1,
        3,
        null,
        null,
        1,
        2,
        null,
        null
      ],
      "/Users/jfl/turing/3module/projects/palpit8/app/controllers/admin/base_controller.rb": [
        1,
        1,
        null,
        1,
        12,
        0,
        null,
        12,
        null,
        null,
        null,
        1,
        null,
        1,
        12,
        null,
        null,
        1,
        0,
        null,
        null
      ],
      "/Users/jfl/turing/3module/projects/palpit8/app/controllers/games_controller.rb": [
        1,
        null,
        1,
        2,
        null,
        null,
        1,
        3,
        3,
        3,
        null,
        null
      ],
      "/Users/jfl/turing/3module/projects/palpit8/app/models/game_stream.rb": [
        1,
        1,
        null,
        null,
        1,
        3,
        3,
        3,
        3,
        null,
        null,
        1,
        3,
        3,
        0,
        null,
        null,
        null,
        1,
        0,
        null,
        null,
        null,
        null,
        null,
        null,
        null,
        null,
        1,
        1,
        null
      ],
      "/Users/jfl/turing/3module/projects/palpit8/app/jobs/message_broadcast_job.rb": [
        1,
        1,
        null,
        1,
        3,
        null,
        null,
        1,
        1,
        3,
        null,
        null
      ],
      "/Users/jfl/turing/3module/projects/palpit8/app/jobs/application_job.rb": [
        1,
        null
      ]
    },
    "timestamp": 1504887575
  }
}
